<?xml version="1.0" encoding="UTF-8"?>
<testng-results ignored="0" total="7" passed="7" failed="0" skipped="0">
  <reporter-output>
  </reporter-output>
  <suite started-at="2021-07-11T19:52:05 IST" name="Suite" finished-at="2021-07-11T19:52:05 IST" duration-ms="109">
    <groups>
    </groups>
    <test started-at="2021-07-11T19:52:05 IST" name="Test" finished-at="2021-07-11T19:52:05 IST" duration-ms="109">
      <class name="TestGoogle">
        <test-method is-config="true" signature="beforeMethod()[pri:0, instance:TestGoogle@79ad8b2f]" started-at="2021-07-11T19:52:05 IST" name="beforeMethod" finished-at="2021-07-11T19:52:05 IST" duration-ms="1" status="PASS">
          <reporter-output>
          </reporter-output>
        </test-method> <!-- beforeMethod -->
        <test-method signature="Gf1()[pri:0, instance:TestGoogle@79ad8b2f]" started-at="2021-07-11T19:52:05 IST" name="Gf1" finished-at="2021-07-11T19:52:05 IST" duration-ms="1" status="PASS">
          <reporter-output>
          </reporter-output>
        </test-method> <!-- Gf1 -->
        <test-method is-config="true" signature="afterMethod()[pri:0, instance:TestGoogle@79ad8b2f]" started-at="2021-07-11T19:52:05 IST" name="afterMethod" finished-at="2021-07-11T19:52:05 IST" duration-ms="0" status="PASS">
          <reporter-output>
          </reporter-output>
        </test-method> <!-- afterMethod -->
        <test-method signature="Gf2()[pri:0, instance:TestGoogle@79ad8b2f]" started-at="2021-07-11T19:52:05 IST" name="Gf2" finished-at="2021-07-11T19:52:05 IST" duration-ms="2" status="PASS">
          <reporter-output>
          </reporter-output>
        </test-method> <!-- Gf2 -->
        <test-method is-config="true" signature="beforeMethod()[pri:0, instance:TestGoogle@79ad8b2f]" started-at="2021-07-11T19:52:05 IST" name="beforeMethod" finished-at="2021-07-11T19:52:05 IST" duration-ms="0" status="PASS">
          <reporter-output>
          </reporter-output>
        </test-method> <!-- beforeMethod -->
        <test-method is-config="true" signature="afterMethod()[pri:0, instance:TestGoogle@79ad8b2f]" started-at="2021-07-11T19:52:05 IST" name="afterMethod" finished-at="2021-07-11T19:52:05 IST" duration-ms="1" status="PASS">
          <reporter-output>
          </reporter-output>
        </test-method> <!-- afterMethod -->
        <test-method is-config="true" signature="beforeMethod()[pri:0, instance:TestGoogle@79ad8b2f]" started-at="2021-07-11T19:52:05 IST" name="beforeMethod" finished-at="2021-07-11T19:52:05 IST" duration-ms="1" status="PASS">
          <reporter-output>
          </reporter-output>
        </test-method> <!-- beforeMethod -->
        <test-method signature="Gf3()[pri:0, instance:TestGoogle@79ad8b2f]" started-at="2021-07-11T19:52:05 IST" name="Gf3" finished-at="2021-07-11T19:52:05 IST" duration-ms="1" status="PASS">
          <reporter-output>
          </reporter-output>
        </test-method> <!-- Gf3 -->
        <test-method is-config="true" signature="afterMethod()[pri:0, instance:TestGoogle@79ad8b2f]" started-at="2021-07-11T19:52:05 IST" name="afterMethod" finished-at="2021-07-11T19:52:05 IST" duration-ms="1" status="PASS">
          <reporter-output>
          </reporter-output>
        </test-method> <!-- afterMethod -->
      </class> <!-- TestGoogle -->
      <class name="TestWhatsapp">
        <test-method signature="f()[pri:0, instance:TestWhatsapp@1df82230]" started-at="2021-07-11T19:52:05 IST" name="f" finished-at="2021-07-11T19:52:05 IST" duration-ms="2" status="PASS">
          <reporter-output>
          </reporter-output>
        </test-method> <!-- f -->
      </class> <!-- TestWhatsapp -->
      <class name="TestFacebook">
        <test-method is-config="true" signature="beforeTest()[pri:0, instance:TestFacebook@402e37bc]" started-at="2021-07-11T19:52:05 IST" name="beforeTest" finished-at="2021-07-11T19:52:05 IST" duration-ms="16" status="PASS">
          <reporter-output>
          </reporter-output>
        </test-method> <!-- beforeTest -->
        <test-method is-config="true" signature="beforeMethod()[pri:0, instance:TestFacebook@402e37bc]" started-at="2021-07-11T19:52:05 IST" name="beforeMethod" finished-at="2021-07-11T19:52:05 IST" duration-ms="1" status="PASS">
          <reporter-output>
          </reporter-output>
        </test-method> <!-- beforeMethod -->
        <test-method signature="f1()[pri:0, instance:TestFacebook@402e37bc]" started-at="2021-07-11T19:52:05 IST" name="f1" finished-at="2021-07-11T19:52:05 IST" duration-ms="8" status="PASS">
          <reporter-output>
          </reporter-output>
        </test-method> <!-- f1 -->
        <test-method is-config="true" signature="afterMethod()[pri:0, instance:TestFacebook@402e37bc]" started-at="2021-07-11T19:52:05 IST" name="afterMethod" finished-at="2021-07-11T19:52:05 IST" duration-ms="1" status="PASS">
          <reporter-output>
          </reporter-output>
        </test-method> <!-- afterMethod -->
        <test-method is-config="true" signature="beforeMethod()[pri:0, instance:TestFacebook@402e37bc]" started-at="2021-07-11T19:52:05 IST" name="beforeMethod" finished-at="2021-07-11T19:52:05 IST" duration-ms="0" status="PASS">
          <reporter-output>
          </reporter-output>
        </test-method> <!-- beforeMethod -->
        <test-method signature="f2()[pri:0, instance:TestFacebook@402e37bc]" started-at="2021-07-11T19:52:05 IST" name="f2" finished-at="2021-07-11T19:52:05 IST" duration-ms="2" status="PASS">
          <reporter-output>
          </reporter-output>
        </test-method> <!-- f2 -->
        <test-method is-config="true" signature="afterMethod()[pri:0, instance:TestFacebook@402e37bc]" started-at="2021-07-11T19:52:05 IST" name="afterMethod" finished-at="2021-07-11T19:52:05 IST" duration-ms="1" status="PASS">
          <reporter-output>
          </reporter-output>
        </test-method> <!-- afterMethod -->
        <test-method is-config="true" signature="beforeMethod()[pri:0, instance:TestFacebook@402e37bc]" started-at="2021-07-11T19:52:05 IST" name="beforeMethod" finished-at="2021-07-11T19:52:05 IST" duration-ms="0" status="PASS">
          <reporter-output>
          </reporter-output>
        </test-method> <!-- beforeMethod -->
        <test-method signature="f3()[pri:0, instance:TestFacebook@402e37bc]" started-at="2021-07-11T19:52:05 IST" name="f3" finished-at="2021-07-11T19:52:05 IST" duration-ms="1" status="PASS">
          <reporter-output>
          </reporter-output>
        </test-method> <!-- f3 -->
        <test-method is-config="true" signature="afterMethod()[pri:0, instance:TestFacebook@402e37bc]" started-at="2021-07-11T19:52:05 IST" name="afterMethod" finished-at="2021-07-11T19:52:05 IST" duration-ms="0" status="PASS">
          <reporter-output>
          </reporter-output>
        </test-method> <!-- afterMethod -->
        <test-method is-config="true" signature="afterTest()[pri:0, instance:TestFacebook@402e37bc]" started-at="2021-07-11T19:52:05 IST" name="afterTest" finished-at="2021-07-11T19:52:05 IST" duration-ms="1" status="PASS">
          <reporter-output>
          </reporter-output>
        </test-method> <!-- afterTest -->
      </class> <!-- TestFacebook -->
    </test> <!-- Test -->
  </suite> <!-- Suite -->
</testng-results>
