<?xml version="1.0" encoding="UTF-8"?>
<!-- Generated by org.testng.reporters.JUnitXMLReporter -->
<testsuite ignored="0" hostname="USHYDATPAUL9" failures="0" tests="6" name="Test" time="0.057" errors="0" timestamp="2021-07-10T19:27:47 IST">
  <testcase classname="TestFacebook" name="f1" time="0.005"/>
  <testcase classname="TestFacebook" name="f2" time="0.001"/>
  <testcase classname="TestFacebook" name="f3" time="0.001"/>
  <testcase classname="TestGoogle" name="Gf1" time="0.001"/>
  <testcase classname="TestGoogle" name="Gf2" time="0.001"/>
  <testcase classname="TestGoogle" name="Gf3" time="0.001"/>
</testsuite> <!-- Test -->
